0 info it worked if it ends with ok
1 verbose cli [ '/usr/bin/node',
1 verbose cli   '/usr/bin/npm',
1 verbose cli   'run',
1 verbose cli   'test',
1 verbose cli   'test/db2i.transaction.test.js' ]
2 info using npm@2.15.1
3 info using node@v0.12.13
4 verbose node symlink /usr/bin/node
5 verbose run-script [ 'pretest', 'test', 'posttest' ]
6 info pretest loopback-connector-db2i@1.0.14
7 verbose unsafe-perm in lifecycle true
8 info test loopback-connector-db2i@1.0.14
9 verbose unsafe-perm in lifecycle true
10 info loopback-connector-db2i@1.0.14 Failed to exec test script
11 verbose stack Error: loopback-connector-db2i@1.0.14 test: `mocha --timeout 30000 "test/db2i.transaction.test.js"`
11 verbose stack Exit status 2
11 verbose stack     at EventEmitter.<anonymous> (/QOpenSys/QIBM/ProdData/Node/lib/node_modules/npm/lib/utils/lifecycle.js:217:16)
11 verbose stack     at EventEmitter.emit (events.js:110:17)
11 verbose stack     at ChildProcess.<anonymous> (/QOpenSys/QIBM/ProdData/Node/lib/node_modules/npm/lib/utils/spawn.js:24:14)
11 verbose stack     at ChildProcess.emit (events.js:110:17)
11 verbose stack     at maybeClose (child_process.js:1019:16)
11 verbose stack     at Process.ChildProcess._handle.onexit (child_process.js:1091:5)
12 verbose pkgid loopback-connector-db2i@1.0.14
13 verbose cwd /home/PR/Projets/loopback-connector-db2i
14 error OS400 1
15 error argv "/usr/bin/node" "/usr/bin/npm" "run" "test" "test/db2i.transaction.test.js"
16 error node v0.12.13
17 error npm  v2.15.1
18 error code ELIFECYCLE
19 error loopback-connector-db2i@1.0.14 test: `mocha --timeout 30000 "test/db2i.transaction.test.js"`
19 error Exit status 2
20 error Failed at the loopback-connector-db2i@1.0.14 test script 'mocha --timeout 30000 "test/db2i.transaction.test.js"'.
20 error This is most likely a problem with the loopback-connector-db2i package,
20 error not with npm itself.
20 error Tell the author that this fails on your system:
20 error     mocha --timeout 30000 "test/db2i.transaction.test.js"
20 error You can get information on how to open an issue for this project with:
20 error     npm bugs loopback-connector-db2i
20 error Or if that isn't available, you can get their info via:
20 error
20 error     npm owner ls loopback-connector-db2i
20 error There is likely additional logging output above.
21 verbose exit [ 1, true ]
